{"numTotalTestSuites":177,"numPassedTestSuites":177,"numFailedTestSuites":0,"numPendingTestSuites":0,"numTotalTests":497,"numPassedTests":235,"numFailedTests":262,"numPendingTests":0,"numTodoTests":0,"startTime":1756676180455,"success":false,"testResults":[{"assertionResults":[{"ancestorTitles":["","Session Store","Initial State"],"fullName":" Session Store Initial State should have correct initial state","status":"passed","title":"should have correct initial state","duration":4,"failureMessages":[]},{"ancestorTitles":["","Session Store","Initial State"],"fullName":" Session Store Initial State should have correct computed properties for initial state","status":"passed","title":"should have correct computed properties for initial state","duration":1,"failureMessages":[]},{"ancestorTitles":["","Session Store","Session Management"],"fullName":" Session Store Session Management should create a new session","status":"failed","title":"should create a new session","duration":5,"failureMessages":["expected null to be 'test-session-123' // Object.is equality"],"location":{"line":39,"column":31}},{"ancestorTitles":["","Session Store","Session Management"],"fullName":" Session Store Session Management should clear session data","status":"passed","title":"should clear session data","duration":1,"failureMessages":[]},{"ancestorTitles":["","Session Store","File Management"],"fullName":" Session Store File Management should add files to the session","status":"passed","title":"should add files to the session","duration":1,"failureMessages":[]},{"ancestorTitles":["","Session Store","File Management"],"fullName":" Session Store File Management should remove specific files","status":"passed","title":"should remove specific files","duration":1,"failureMessages":[]},{"ancestorTitles":["","Session Store","File Management"],"fullName":" Session Store File Management should clear all files","status":"passed","title":"should clear all files","duration":0,"failureMessages":[]},{"ancestorTitles":["","Session Store","Processing Status Management"],"fullName":" Session Store Processing Status Management should update processing status","status":"failed","title":"should update processing status","duration":2,"failureMessages":["expected false to be true // Object.is equality"],"location":{"line":113,"column":34}},{"ancestorTitles":["","Session Store","Processing Status Management"],"fullName":" Session Store Processing Status Management should clear error when starting processing","status":"passed","title":"should clear error when starting processing","duration":0,"failureMessages":[]},{"ancestorTitles":["","Session Store","Processing Status Management"],"fullName":" Session Store Processing Status Management should reset processing state","status":"passed","title":"should reset processing state","duration":1,"failureMessages":[]},{"ancestorTitles":["","Session Store","Results Management"],"fullName":" Session Store Results Management should set results and update status","status":"passed","title":"should set results and update status","duration":0,"failureMessages":[]},{"ancestorTitles":["","Session Store","Error Management"],"fullName":" Session Store Error Management should set error and update status","status":"passed","title":"should set error and update status","duration":1,"failureMessages":[]},{"ancestorTitles":["","Session Store","Complex Workflows"],"fullName":" Session Store Complex Workflows should handle complete processing workflow","status":"failed","title":"should handle complete processing workflow","duration":1,"failureMessages":["expected false to be true // Object.is equality"],"location":{"line":176,"column":32}},{"ancestorTitles":["","Session Store","Complex Workflows"],"fullName":" Session Store Complex Workflows should handle error workflow","status":"passed","title":"should handle error workflow","duration":0,"failureMessages":[]}],"startTime":1756676183345,"endTime":1756676183363,"status":"failed","message":"","name":"/Users/rogercox/Credit_Card_Processor/frontend/src/stores/session.test.js"},{"assertionResults":[{"ancestorTitles":["","AuthDisplay.vue","Loading State"],"fullName":" AuthDisplay.vue Loading State displays loading state when authentication is loading","status":"passed","title":"displays loading state when authentication is loading","duration":16,"failureMessages":[]},{"ancestorTitles":["","AuthDisplay.vue","Error State"],"fullName":" AuthDisplay.vue Error State displays error message when authentication fails","status":"passed","title":"displays error message when authentication fails","duration":5,"failureMessages":[]},{"ancestorTitles":["","AuthDisplay.vue","Error State"],"fullName":" AuthDisplay.vue Error State calls retry function when retry button is clicked","status":"passed","title":"calls retry function when retry button is clicked","duration":4,"failureMessages":[]},{"ancestorTitles":["","AuthDisplay.vue","Error State"],"fullName":" AuthDisplay.vue Error State emits auth-error event when retry fails","status":"passed","title":"emits auth-error event when retry fails","duration":8,"failureMessages":[]},{"ancestorTitles":["","AuthDisplay.vue","Unauthenticated State"],"fullName":" AuthDisplay.vue Unauthenticated State displays not authenticated message when no user","status":"passed","title":"displays not authenticated message when no user","duration":4,"failureMessages":[]},{"ancestorTitles":["","AuthDisplay.vue","Authenticated State"],"fullName":" AuthDisplay.vue Authenticated State displays user information when authenticated","status":"passed","title":"displays user information when authenticated","duration":2,"failureMessages":[]},{"ancestorTitles":["","AuthDisplay.vue","Authenticated State"],"fullName":" AuthDisplay.vue Authenticated State displays admin badge for admin users","status":"passed","title":"displays admin badge for admin users","duration":3,"failureMessages":[]},{"ancestorTitles":["","AuthDisplay.vue","Authenticated State"],"fullName":" AuthDisplay.vue Authenticated State displays admin panel button for admin users","status":"passed","title":"displays admin panel button for admin users","duration":2,"failureMessages":[]},{"ancestorTitles":["","AuthDisplay.vue","Authenticated State"],"fullName":" AuthDisplay.vue Authenticated State does not display admin features for regular users","status":"passed","title":"does not display admin features for regular users","duration":3,"failureMessages":[]},{"ancestorTitles":["","AuthDisplay.vue","Authenticated State"],"fullName":" AuthDisplay.vue Authenticated State displays department when showDetails is true","status":"passed","title":"displays department when showDetails is true","duration":1,"failureMessages":[]},{"ancestorTitles":["","AuthDisplay.vue","Authenticated State"],"fullName":" AuthDisplay.vue Authenticated State hides details when showDetails is false","status":"passed","title":"hides details when showDetails is false","duration":2,"failureMessages":[]},{"ancestorTitles":["","AuthDisplay.vue","Layout Support"],"fullName":" AuthDisplay.vue Layout Support applies header layout classes","status":"passed","title":"applies header layout classes","duration":3,"failureMessages":[]},{"ancestorTitles":["","AuthDisplay.vue","Layout Support"],"fullName":" AuthDisplay.vue Layout Support applies sidebar layout classes","status":"passed","title":"applies sidebar layout classes","duration":2,"failureMessages":[]},{"ancestorTitles":["","AuthDisplay.vue","Layout Support"],"fullName":" AuthDisplay.vue Layout Support applies footer layout classes","status":"passed","title":"applies footer layout classes","duration":2,"failureMessages":[]},{"ancestorTitles":["","AuthDisplay.vue","Layout Support"],"fullName":" AuthDisplay.vue Layout Support applies compact layout with smaller elements","status":"passed","title":"applies compact layout with smaller elements","duration":2,"failureMessages":[]},{"ancestorTitles":["","AuthDisplay.vue","Layout Support"],"fullName":" AuthDisplay.vue Layout Support applies vertical layout with centered elements","status":"passed","title":"applies vertical layout with centered elements","duration":1,"failureMessages":[]},{"ancestorTitles":["","AuthDisplay.vue","Variant Support"],"fullName":" AuthDisplay.vue Variant Support applies card variant styling","status":"passed","title":"applies card variant styling","duration":2,"failureMessages":[]},{"ancestorTitles":["","AuthDisplay.vue","Variant Support"],"fullName":" AuthDisplay.vue Variant Support applies minimal variant styling","status":"passed","title":"applies minimal variant styling","duration":2,"failureMessages":[]},{"ancestorTitles":["","AuthDisplay.vue","Event Handling"],"fullName":" AuthDisplay.vue Event Handling emits admin-panel-clicked event when admin button is clicked","status":"passed","title":"emits admin-panel-clicked event when admin button is clicked","duration":2,"failureMessages":[]},{"ancestorTitles":["","AuthDisplay.vue","Event Handling"],"fullName":" AuthDisplay.vue Event Handling emits logout-clicked event when logout button is clicked","status":"passed","title":"emits logout-clicked event when logout button is clicked","duration":3,"failureMessages":[]},{"ancestorTitles":["","AuthDisplay.vue","Event Handling"],"fullName":" AuthDisplay.vue Event Handling emits auth-error event on initialization failure","status":"passed","title":"emits auth-error event on initialization failure","duration":13,"failureMessages":[]},{"ancestorTitles":["","AuthDisplay.vue","Prop Validation"],"fullName":" AuthDisplay.vue Prop Validation validates layout prop correctly","status":"passed","title":"validates layout prop correctly","duration":5,"failureMessages":[]},{"ancestorTitles":["","AuthDisplay.vue","Prop Validation"],"fullName":" AuthDisplay.vue Prop Validation validates variant prop correctly","status":"passed","title":"validates variant prop correctly","duration":3,"failureMessages":[]},{"ancestorTitles":["","AuthDisplay.vue","Accessibility"],"fullName":" AuthDisplay.vue Accessibility has proper button titles for screen readers","status":"passed","title":"has proper button titles for screen readers","duration":2,"failureMessages":[]},{"ancestorTitles":["","AuthDisplay.vue","Accessibility"],"fullName":" AuthDisplay.vue Accessibility has admin badge title for accessibility","status":"passed","title":"has admin badge title for accessibility","duration":2,"failureMessages":[]},{"ancestorTitles":["","AuthDisplay.vue","Time Formatting"],"fullName":" AuthDisplay.vue Time Formatting formats last login time correctly","status":"passed","title":"formats last login time correctly","duration":5,"failureMessages":[]},{"ancestorTitles":["","AuthDisplay.vue","Component Lifecycle"],"fullName":" AuthDisplay.vue Component Lifecycle initializes authentication on mount","status":"passed","title":"initializes authentication on mount","duration":1,"failureMessages":[]},{"ancestorTitles":["","AuthDisplay.vue","Component Lifecycle"],"fullName":" AuthDisplay.vue Component Lifecycle exposes correct methods and properties","status":"passed","title":"exposes correct methods and properties","duration":1,"failureMessages":[]}],"startTime":1756676183189,"endTime":1756676183290,"status":"passed","message":"","name":"/Users/rogercox/Credit_Card_Processor/frontend/src/components/__tests__/AuthDisplay.test.js"},{"assertionResults":[{"ancestorTitles":["","ExportActions","Initial State"],"fullName":" ExportActions Initial State renders export section header","status":"failed","title":"renders export section header","duration":23,"failureMessages":["Cannot read properties of undefined (reading 'createElement')"],"location":{"line":25,"column":19}},{"ancestorTitles":["","ExportActions","Initial State"],"fullName":" ExportActions Initial State shows export buttons when results are available","status":"failed","title":"shows export buttons when results are available","duration":10,"failureMessages":["Cannot read properties of undefined (reading 'createElement')"],"location":{"line":25,"column":19}},{"ancestorTitles":["","ExportActions","Initial State"],"fullName":" ExportActions Initial State shows export all button when exports are available","status":"failed","title":"shows export all button when exports are available","duration":16,"failureMessages":["Cannot read properties of undefined (reading 'createElement')"],"location":{"line":25,"column":19}},{"ancestorTitles":["","ExportActions","Initial State"],"fullName":" ExportActions Initial State displays correct export statistics","status":"failed","title":"displays correct export statistics","duration":11,"failureMessages":["Cannot read properties of undefined (reading 'createElement')"],"location":{"line":25,"column":19}},{"ancestorTitles":["","ExportActions","Export Availability"],"fullName":" ExportActions Export Availability disables exports when no results","status":"failed","title":"disables exports when no results","duration":11,"failureMessages":["Cannot read properties of undefined (reading 'createElement')"],"location":{"line":25,"column":19}},{"ancestorTitles":["","ExportActions","Export Availability"],"fullName":" ExportActions Export Availability disables exports during processing","status":"failed","title":"disables exports during processing","duration":13,"failureMessages":["Cannot read properties of undefined (reading 'createElement')"],"location":{"line":25,"column":19}},{"ancestorTitles":["","ExportActions","Export Availability"],"fullName":" ExportActions Export Availability enables exports after processing completion","status":"failed","title":"enables exports after processing completion","duration":7,"failureMessages":["Cannot read properties of undefined (reading 'createElement')"],"location":{"line":25,"column":19}},{"ancestorTitles":["","ExportActions","Export Availability"],"fullName":" ExportActions Export Availability shows warning when no employees available for export type","status":"failed","title":"shows warning when no employees available for export type","duration":7,"failureMessages":["Cannot read properties of undefined (reading 'createElement')"],"location":{"line":25,"column":19}},{"ancestorTitles":["","ExportActions","pVault Export"],"fullName":" ExportActions pVault Export initiates pVault export when button clicked","status":"failed","title":"initiates pVault export when button clicked","duration":8,"failureMessages":["Cannot read properties of undefined (reading 'createElement')"],"location":{"line":25,"column":19}},{"ancestorTitles":["","ExportActions","pVault Export"],"fullName":" ExportActions pVault Export shows loading state during pVault export","status":"failed","title":"shows loading state during pVault export","duration":11,"failureMessages":["Cannot read properties of undefined (reading 'createElement')"],"location":{"line":25,"column":19}},{"ancestorTitles":["","ExportActions","pVault Export"],"fullName":" ExportActions pVault Export tracks pVault export progress","status":"failed","title":"tracks pVault export progress","duration":7,"failureMessages":["Cannot read properties of undefined (reading 'createElement')"],"location":{"line":25,"column":19}},{"ancestorTitles":["","ExportActions","pVault Export"],"fullName":" ExportActions pVault Export downloads pVault file when export completes","status":"failed","title":"downloads pVault file when export completes","duration":8,"failureMessages":["Cannot read properties of undefined (reading 'createElement')"],"location":{"line":25,"column":19}},{"ancestorTitles":["","ExportActions","Follow-up Export"],"fullName":" ExportActions Follow-up Export initiates follow-up export with correct parameters","status":"failed","title":"initiates follow-up export with correct parameters","duration":7,"failureMessages":["Cannot read properties of undefined (reading 'createElement')"],"location":{"line":25,"column":19}},{"ancestorTitles":["","ExportActions","Follow-up Export"],"fullName":" ExportActions Follow-up Export shows different icon and styling for follow-up export","status":"failed","title":"shows different icon and styling for follow-up export","duration":7,"failureMessages":["Cannot read properties of undefined (reading 'createElement')"],"location":{"line":25,"column":19}},{"ancestorTitles":["","ExportActions","Follow-up Export"],"fullName":" ExportActions Follow-up Export includes all employees in follow-up export","status":"failed","title":"includes all employees in follow-up export","duration":9,"failureMessages":["Cannot read properties of undefined (reading 'createElement')"],"location":{"line":25,"column":19}},{"ancestorTitles":["","ExportActions","Issues Export"],"fullName":" ExportActions Issues Export initiates issues export with only problematic employees","status":"failed","title":"initiates issues export with only problematic employees","duration":8,"failureMessages":["Cannot read properties of undefined (reading 'createElement')"],"location":{"line":25,"column":19}},{"ancestorTitles":["","ExportActions","Issues Export"],"fullName":" ExportActions Issues Export disables issues export when no issues exist","status":"failed","title":"disables issues export when no issues exist","duration":11,"failureMessages":["Cannot read properties of undefined (reading 'createElement')"],"location":{"line":25,"column":19}},{"ancestorTitles":["","ExportActions","Issues Export"],"fullName":" ExportActions Issues Export shows warning styling for issues export","status":"failed","title":"shows warning styling for issues export","duration":8,"failureMessages":["Cannot read properties of undefined (reading 'createElement')"],"location":{"line":25,"column":19}},{"ancestorTitles":["","ExportActions","Export All Functionality"],"fullName":" ExportActions Export All Functionality initiates all exports simultaneously","status":"failed","title":"initiates all exports simultaneously","duration":15,"failureMessages":["Cannot read properties of undefined (reading 'createElement')"],"location":{"line":25,"column":19}},{"ancestorTitles":["","ExportActions","Export All Functionality"],"fullName":" ExportActions Export All Functionality shows combined progress for export all","status":"failed","title":"shows combined progress for export all","duration":12,"failureMessages":["Cannot read properties of undefined (reading 'createElement')"],"location":{"line":25,"column":19}},{"ancestorTitles":["","ExportActions","Export All Functionality"],"fullName":" ExportActions Export All Functionality disables individual exports during export all","status":"failed","title":"disables individual exports during export all","duration":10,"failureMessages":["Cannot read properties of undefined (reading 'createElement')"],"location":{"line":25,"column":19}},{"ancestorTitles":["","ExportActions","Export Progress Tracking"],"fullName":" ExportActions Export Progress Tracking polls export status during processing","status":"failed","title":"polls export status during processing","duration":8,"failureMessages":["Cannot read properties of undefined (reading 'createElement')"],"location":{"line":25,"column":19}},{"ancestorTitles":["","ExportActions","Export Progress Tracking"],"fullName":" ExportActions Export Progress Tracking stops polling when export completes","status":"failed","title":"stops polling when export completes","duration":10,"failureMessages":["Cannot read properties of undefined (reading 'createElement')"],"location":{"line":25,"column":19}},{"ancestorTitles":["","ExportActions","Export Progress Tracking"],"fullName":" ExportActions Export Progress Tracking handles polling errors gracefully","status":"failed","title":"handles polling errors gracefully","duration":7,"failureMessages":["Cannot read properties of undefined (reading 'createElement')"],"location":{"line":25,"column":19}},{"ancestorTitles":["","ExportActions","Export Progress Tracking"],"fullName":" ExportActions Export Progress Tracking shows retry button after export failure","status":"failed","title":"shows retry button after export failure","duration":8,"failureMessages":["Cannot read properties of undefined (reading 'createElement')"],"location":{"line":25,"column":19}},{"ancestorTitles":["","ExportActions","Export History"],"fullName":" ExportActions Export History displays recent export history","status":"failed","title":"displays recent export history","duration":9,"failureMessages":["Cannot read properties of undefined (reading 'createElement')"],"location":{"line":25,"column":19}},{"ancestorTitles":["","ExportActions","Export History"],"fullName":" ExportActions Export History allows re-download of completed exports","status":"failed","title":"allows re-download of completed exports","duration":10,"failureMessages":["Cannot read properties of undefined (reading 'createElement')"],"location":{"line":25,"column":19}},{"ancestorTitles":["","ExportActions","Export History"],"fullName":" ExportActions Export History shows export creation time in friendly format","status":"failed","title":"shows export creation time in friendly format","duration":7,"failureMessages":["Cannot read properties of undefined (reading 'createElement')"],"location":{"line":25,"column":19}},{"ancestorTitles":["","ExportActions","File Download"],"fullName":" ExportActions File Download downloads file with correct filename","status":"failed","title":"downloads file with correct filename","duration":8,"failureMessages":["Cannot read properties of undefined (reading 'createElement')"],"location":{"line":25,"column":19}},{"ancestorTitles":["","ExportActions","File Download"],"fullName":" ExportActions File Download handles different export types with correct filenames","status":"failed","title":"handles different export types with correct filenames","duration":9,"failureMessages":["Cannot read properties of undefined (reading 'createElement')"],"location":{"line":25,"column":19}},{"ancestorTitles":["","ExportActions","File Download"],"fullName":" ExportActions File Download handles download errors","status":"failed","title":"handles download errors","duration":13,"failureMessages":["Cannot read properties of undefined (reading 'createElement')"],"location":{"line":25,"column":19}},{"ancestorTitles":["","ExportActions","File Download"],"fullName":" ExportActions File Download cleans up blob URL after download","status":"failed","title":"cleans up blob URL after download","duration":12,"failureMessages":["Cannot read properties of undefined (reading 'createElement')"],"location":{"line":25,"column":19}},{"ancestorTitles":["","ExportActions","Error Handling"],"fullName":" ExportActions Error Handling displays export errors to user","status":"failed","title":"displays export errors to user","duration":7,"failureMessages":["Cannot read properties of undefined (reading 'createElement')"],"location":{"line":25,"column":19}},{"ancestorTitles":["","ExportActions","Error Handling"],"fullName":" ExportActions Error Handling resets export state after error","status":"failed","title":"resets export state after error","duration":8,"failureMessages":["Cannot read properties of undefined (reading 'createElement')"],"location":{"line":25,"column":19}},{"ancestorTitles":["","ExportActions","Error Handling"],"fullName":" ExportActions Error Handling shows specific error messages for different failure types","status":"failed","title":"shows specific error messages for different failure types","duration":13,"failureMessages":["Cannot read properties of undefined (reading 'createElement')"],"location":{"line":25,"column":19}},{"ancestorTitles":["","ExportActions","Accessibility"],"fullName":" ExportActions Accessibility has proper ARIA labels for export buttons","status":"failed","title":"has proper ARIA labels for export buttons","duration":10,"failureMessages":["Cannot read properties of undefined (reading 'createElement')"],"location":{"line":25,"column":19}},{"ancestorTitles":["","ExportActions","Accessibility"],"fullName":" ExportActions Accessibility announces export progress to screen readers","status":"failed","title":"announces export progress to screen readers","duration":7,"failureMessages":["Cannot read properties of undefined (reading 'createElement')"],"location":{"line":25,"column":19}},{"ancestorTitles":["","ExportActions","Accessibility"],"fullName":" ExportActions Accessibility provides keyboard navigation support","status":"failed","title":"provides keyboard navigation support","duration":8,"failureMessages":["Cannot read properties of undefined (reading 'createElement')"],"location":{"line":25,"column":19}},{"ancestorTitles":["","ExportActions","Performance"],"fullName":" ExportActions Performance efficiently handles multiple concurrent exports","status":"failed","title":"efficiently handles multiple concurrent exports","duration":10,"failureMessages":["Cannot read properties of undefined (reading 'createElement')"],"location":{"line":25,"column":19}},{"ancestorTitles":["","ExportActions","Performance"],"fullName":" ExportActions Performance limits polling frequency to prevent excessive requests","status":"failed","title":"limits polling frequency to prevent excessive requests","duration":13,"failureMessages":["Cannot read properties of undefined (reading 'createElement')"],"location":{"line":25,"column":19}}],"startTime":1756676182444,"endTime":1756676182841,"status":"failed","message":"","name":"/Users/rogercox/Credit_Card_Processor/frontend/src/components/__tests__/ExportActions.test.js"},{"assertionResults":[{"ancestorTitles":["","FileUpload","Initial State"],"fullName":" FileUpload Initial State renders with correct initial state","status":"passed","title":"renders with correct initial state","duration":35,"failureMessages":[]},{"ancestorTitles":["","FileUpload","Initial State"],"fullName":" FileUpload Initial State shows both CAR and Receipt upload zones","status":"passed","title":"shows both CAR and Receipt upload zones","duration":12,"failureMessages":[]},{"ancestorTitles":["","FileUpload","Initial State"],"fullName":" FileUpload Initial State upload button is initially disabled","status":"passed","title":"upload button is initially disabled","duration":20,"failureMessages":[]},{"ancestorTitles":["","FileUpload","Initial State"],"fullName":" FileUpload Initial State displays helper text for file requirements","status":"failed","title":"displays helper text for file requirements","duration":18,"failureMessages":["expected 'Upload Documents Upload both CAR and …' to contain 'PDF files only, max 100MB each'"],"location":{"line":103,"column":30}},{"ancestorTitles":["","FileUpload","File Validation"],"fullName":" FileUpload File Validation accepts valid PDF files","status":"failed","title":"accepts valid PDF files","duration":6,"failureMessages":["Cannot call element on an empty DOMWrapper."],"location":{"line":1574,"column":27}},{"ancestorTitles":["","FileUpload","File Validation"],"fullName":" FileUpload File Validation rejects files larger than 100MB","status":"failed","title":"rejects files larger than 100MB","duration":5,"failureMessages":["Cannot call element on an empty DOMWrapper."],"location":{"line":1574,"column":27}},{"ancestorTitles":["","FileUpload","File Validation"],"fullName":" FileUpload File Validation rejects non-PDF files","status":"failed","title":"rejects non-PDF files","duration":5,"failureMessages":["Cannot call element on an empty DOMWrapper."],"location":{"line":1574,"column":27}},{"ancestorTitles":["","FileUpload","File Validation"],"fullName":" FileUpload File Validation rejects empty files","status":"failed","title":"rejects empty files","duration":5,"failureMessages":["Cannot call element on an empty DOMWrapper."],"location":{"line":1574,"column":27}},{"ancestorTitles":["","FileUpload","Drag and Drop"],"fullName":" FileUpload Drag and Drop handles CAR file drag and drop","status":"failed","title":"handles CAR file drag and drop","duration":11,"failureMessages":["Cannot call element on an empty DOMWrapper."],"location":{"line":1574,"column":27}},{"ancestorTitles":["","FileUpload","Drag and Drop"],"fullName":" FileUpload Drag and Drop handles Receipt file drag and drop","status":"failed","title":"handles Receipt file drag and drop","duration":6,"failureMessages":["Cannot call element on an empty DOMWrapper."],"location":{"line":1574,"column":27}},{"ancestorTitles":["","FileUpload","Drag and Drop"],"fullName":" FileUpload Drag and Drop shows active state during drag over","status":"failed","title":"shows active state during drag over","duration":6,"failureMessages":["Cannot call trigger on an empty DOMWrapper."],"location":{"line":1574,"column":27}},{"ancestorTitles":["","FileUpload","Drag and Drop"],"fullName":" FileUpload Drag and Drop prevents default drag behavior","status":"failed","title":"prevents default drag behavior","duration":5,"failureMessages":["Cannot call element on an empty DOMWrapper."],"location":{"line":1574,"column":27}},{"ancestorTitles":["","FileUpload","Drag and Drop"],"fullName":" FileUpload Drag and Drop rejects multiple files in single drop","status":"failed","title":"rejects multiple files in single drop","duration":4,"failureMessages":["Cannot call element on an empty DOMWrapper."],"location":{"line":1574,"column":27}},{"ancestorTitles":["","FileUpload","File Management"],"fullName":" FileUpload File Management enables upload button when both files are present","status":"passed","title":"enables upload button when both files are present","duration":27,"failureMessages":[]},{"ancestorTitles":["","FileUpload","File Management"],"fullName":" FileUpload File Management shows file names and sizes when files are selected","status":"failed","title":"shows file names and sizes when files are selected","duration":19,"failureMessages":["expected 'Upload Documents Upload both CAR and …' to contain '1.0 KB'"],"location":{"line":266,"column":30}},{"ancestorTitles":["","FileUpload","File Management"],"fullName":" FileUpload File Management can remove individual files","status":"failed","title":"can remove individual files","duration":37,"failureMessages":["Cannot call trigger on an empty DOMWrapper."],"location":{"line":1574,"column":27}},{"ancestorTitles":["","FileUpload","File Management"],"fullName":" FileUpload File Management can clear all files","status":"passed","title":"can clear all files","duration":14,"failureMessages":[]},{"ancestorTitles":["","FileUpload","File Management"],"fullName":" FileUpload File Management resets upload progress when files are replaced","status":"failed","title":"resets upload progress when files are replaced","duration":8,"failureMessages":["Cannot create property 'value' on number '0'"],"location":{"line":291,"column":36}},{"ancestorTitles":["","FileUpload","Upload Process"],"fullName":" FileUpload Upload Process initiates upload when upload button is clicked","status":"failed","title":"initiates upload when upload button is clicked","duration":52,"failureMessages":["expected \"spy\" to be called with arguments: [ 'x-dev-user', 'testuser' ]\n\nReceived: \n\n\n\nNumber of calls: 0\n"],"location":{"line":324,"column":40}},{"ancestorTitles":["","FileUpload","Upload Process"],"fullName":" FileUpload Upload Process shows upload progress during upload","status":"passed","title":"shows upload progress during upload","duration":29,"failureMessages":[]},{"ancestorTitles":["","FileUpload","Upload Process"],"fullName":" FileUpload Upload Process shows loading state during upload","status":"failed","title":"shows loading state during upload","duration":16,"failureMessages":["expected 'error' to be 'completed' // Object.is equality"],"location":{"line":362,"column":42}},{"ancestorTitles":["","FileUpload","Upload Process"],"fullName":" FileUpload Upload Process handles upload success","status":"failed","title":"handles upload success","duration":23,"failureMessages":["expected 'error' to be 'completed' // Object.is equality"],"location":{"line":378,"column":42}},{"ancestorTitles":["","FileUpload","Upload Process"],"fullName":" FileUpload Upload Process handles upload errors","status":"passed","title":"handles upload errors","duration":34,"failureMessages":[]},{"ancestorTitles":["","FileUpload","Upload Process"],"fullName":" FileUpload Upload Process handles network errors","status":"passed","title":"handles network errors","duration":31,"failureMessages":[]},{"ancestorTitles":["","FileUpload","Upload Process"],"fullName":" FileUpload Upload Process emits upload completion event","status":"failed","title":"emits upload completion event","duration":20,"failureMessages":["expected undefined to be truthy"],"location":{"line":420,"column":50}},{"ancestorTitles":["","FileUpload","Upload Process"],"fullName":" FileUpload Upload Process allows retry after upload failure","status":"failed","title":"allows retry after upload failure","duration":18,"failureMessages":["Cannot call trigger on an empty DOMWrapper."],"location":{"line":1574,"column":27}},{"ancestorTitles":["","FileUpload","Session Integration"],"fullName":" FileUpload Session Integration integrates with session store for file tracking","status":"failed","title":"integrates with session store for file tracking","duration":5,"failureMessages":["expected [] to deeply equal ArrayContaining{…}"],"location":{"line":451,"column":42}},{"ancestorTitles":["","FileUpload","Session Integration"],"fullName":" FileUpload Session Integration clears files when session is cleared","status":"failed","title":"clears files when session is cleared","duration":12,"failureMessages":["expected MockFile{ name: 'test.pdf', …(4) } to be null"],"location":{"line":468,"column":34}},{"ancestorTitles":["","FileUpload","Session Integration"],"fullName":" FileUpload Session Integration reflects session error state","status":"failed","title":"reflects session error state","duration":13,"failureMessages":["expected false to be true // Object.is equality"],"location":{"line":476,"column":55}},{"ancestorTitles":["","FileUpload","Accessibility"],"fullName":" FileUpload Accessibility has proper ARIA labels","status":"failed","title":"has proper ARIA labels","duration":8,"failureMessages":["Cannot call attributes on an empty DOMWrapper."],"location":{"line":1574,"column":27}},{"ancestorTitles":["","FileUpload","Accessibility"],"fullName":" FileUpload Accessibility supports keyboard navigation","status":"failed","title":"supports keyboard navigation","duration":8,"failureMessages":["Cannot call attributes on an empty DOMWrapper."],"location":{"line":1574,"column":27}},{"ancestorTitles":["","FileUpload","Accessibility"],"fullName":" FileUpload Accessibility announces upload progress to screen readers","status":"failed","title":"announces upload progress to screen readers","duration":6,"failureMessages":["Cannot create property 'value' on number '0'"],"location":{"line":501,"column":36}},{"ancestorTitles":["","FileUpload","Delta Recognition"],"fullName":" FileUpload Delta Recognition shows delta alert when similar files detected","status":"passed","title":"shows delta alert when similar files detected","duration":16,"failureMessages":[]},{"ancestorTitles":["","FileUpload","Delta Recognition"],"fullName":" FileUpload Delta Recognition displays correct delta alert message","status":"passed","title":"displays correct delta alert message","duration":7,"failureMessages":[]},{"ancestorTitles":["","FileUpload","Delta Recognition"],"fullName":" FileUpload Delta Recognition allows dismissing delta alert","status":"passed","title":"allows dismissing delta alert","duration":17,"failureMessages":[]},{"ancestorTitles":["","FileUpload","Delta Recognition"],"fullName":" FileUpload Delta Recognition enables delta processing option when alert is shown","status":"passed","title":"enables delta processing option when alert is shown","duration":19,"failureMessages":[]},{"ancestorTitles":["","FileUpload","Processing Options"],"fullName":" FileUpload Processing Options renders all processing options","status":"passed","title":"renders all processing options","duration":9,"failureMessages":[]},{"ancestorTitles":["","FileUpload","Processing Options"],"fullName":" FileUpload Processing Options has correct default values","status":"passed","title":"has correct default values","duration":9,"failureMessages":[]},{"ancestorTitles":["","FileUpload","Processing Options"],"fullName":" FileUpload Processing Options updates processing options when checkboxes are toggled","status":"passed","title":"updates processing options when checkboxes are toggled","duration":18,"failureMessages":[]},{"ancestorTitles":["","FileUpload","Processing Options"],"fullName":" FileUpload Processing Options updates priority when select is changed","status":"passed","title":"updates priority when select is changed","duration":4,"failureMessages":[]},{"ancestorTitles":["","FileUpload","Enhanced File Validation"],"fullName":" FileUpload Enhanced File Validation validates file type correctly","status":"passed","title":"validates file type correctly","duration":4,"failureMessages":[]},{"ancestorTitles":["","FileUpload","Enhanced File Validation"],"fullName":" FileUpload Enhanced File Validation validates file size correctly","status":"passed","title":"validates file size correctly","duration":3,"failureMessages":[]},{"ancestorTitles":["","FileUpload","Start Processing Functionality"],"fullName":" FileUpload Start Processing Functionality shows start processing button when upload is completed","status":"passed","title":"shows start processing button when upload is completed","duration":14,"failureMessages":[]},{"ancestorTitles":["","FileUpload","Start Processing Functionality"],"fullName":" FileUpload Start Processing Functionality calls processing API when start processing is clicked","status":"passed","title":"calls processing API when start processing is clicked","duration":7,"failureMessages":[]},{"ancestorTitles":["","FileUpload","Start Processing Functionality"],"fullName":" FileUpload Start Processing Functionality emits processing-started event on successful start","status":"passed","title":"emits processing-started event on successful start","duration":19,"failureMessages":[]},{"ancestorTitles":["","FileUpload","Start Processing Functionality"],"fullName":" FileUpload Start Processing Functionality handles processing start errors gracefully","status":"failed","title":"handles processing start errors gracefully","duration":15,"failureMessages":["[Function wrappedAction] is not a spy or a call to a spy!"],"location":{"line":700,"column":37}},{"ancestorTitles":["","FileUpload","Enhanced Visual Feedback"],"fullName":" FileUpload Enhanced Visual Feedback shows correct status messages for all states","status":"passed","title":"shows correct status messages for all states","duration":20,"failureMessages":[]},{"ancestorTitles":["","FileUpload","Enhanced Visual Feedback"],"fullName":" FileUpload Enhanced Visual Feedback shows upload progress with correct styling","status":"failed","title":"shows upload progress with correct styling","duration":10,"failureMessages":["expected 'Upload Documents Upload both CAR and …' to contain 'Uploading files...'"],"location":{"line":730,"column":30}},{"ancestorTitles":["","FileUpload","Enhanced Visual Feedback"],"fullName":" FileUpload Enhanced Visual Feedback shows completed state with green styling","status":"failed","title":"shows completed state with green styling","duration":10,"failureMessages":["expected 'Upload Documents Upload both CAR and …' to contain 'Upload completed successfully'"],"location":{"line":742,"column":30}},{"ancestorTitles":["","FileUpload","Integration with Processing Options"],"fullName":" FileUpload Integration with Processing Options includes processing options in upload request","status":"failed","title":"includes processing options in upload request","duration":5006,"failureMessages":["Test timed out in 5000ms.\nIf this is a long-running test, pass a timeout value as the last argument or configure it globally with \"testTimeout\"."]}],"startTime":1756676181623,"endTime":1756676187350,"status":"failed","message":"","name":"/Users/rogercox/Credit_Card_Processor/frontend/src/components/__tests__/FileUpload.test.js"},{"assertionResults":[{"ancestorTitles":["","ProgressTracker","Initial State"],"fullName":" ProgressTracker Initial State renders with correct initial state","status":"failed","title":"renders with correct initial state","duration":16,"failureMessages":["Cannot read properties of undefined (reading 'employee_id')"],"location":{"line":115,"column":47}},{"ancestorTitles":["","ProgressTracker","Initial State"],"fullName":" ProgressTracker Initial State shows offline status when not polling","status":"failed","title":"shows offline status when not polling","duration":2,"failureMessages":["Cannot read properties of undefined (reading 'employee_id')"],"location":{"line":115,"column":47}},{"ancestorTitles":["","ProgressTracker","Initial State"],"fullName":" ProgressTracker Initial State displays session name when available","status":"failed","title":"displays session name when available","duration":3,"failureMessages":["Cannot read properties of undefined (reading 'employee_id')"],"location":{"line":115,"column":47}},{"ancestorTitles":["","ProgressTracker","Initial State"],"fullName":" ProgressTracker Initial State shows initial progress state","status":"failed","title":"shows initial progress state","duration":2,"failureMessages":["Cannot read properties of undefined (reading 'employee_id')"],"location":{"line":115,"column":47}},{"ancestorTitles":["","ProgressTracker","Progress Display"],"fullName":" ProgressTracker Progress Display updates progress bar correctly","status":"failed","title":"updates progress bar correctly","duration":1,"failureMessages":["Cannot read properties of undefined (reading 'employee_id')"],"location":{"line":115,"column":47}},{"ancestorTitles":["","ProgressTracker","Progress Display"],"fullName":" ProgressTracker Progress Display shows different colors for different states","status":"failed","title":"shows different colors for different states","duration":1,"failureMessages":["Cannot read properties of undefined (reading 'employee_id')"],"location":{"line":115,"column":47}},{"ancestorTitles":["","ProgressTracker","Progress Display"],"fullName":" ProgressTracker Progress Display displays animated stripes during processing","status":"failed","title":"displays animated stripes during processing","duration":1,"failureMessages":["Cannot read properties of undefined (reading 'employee_id')"],"location":{"line":115,"column":47}},{"ancestorTitles":["","ProgressTracker","Progress Display"],"fullName":" ProgressTracker Progress Display shows status labels correctly","status":"failed","title":"shows status labels correctly","duration":2,"failureMessages":["Cannot read properties of undefined (reading 'employee_id')"],"location":{"line":115,"column":47}},{"ancestorTitles":["","ProgressTracker","Polling Functionality"],"fullName":" ProgressTracker Polling Functionality shows live status when polling is active","status":"failed","title":"shows live status when polling is active","duration":8,"failureMessages":["Cannot read properties of undefined (reading 'employee_id')"],"location":{"line":115,"column":47}},{"ancestorTitles":["","ProgressTracker","Polling Functionality"],"fullName":" ProgressTracker Polling Functionality starts polling when component mounts with sessionId","status":"failed","title":"starts polling when component mounts with sessionId","duration":1,"failureMessages":["Cannot read properties of undefined (reading 'employee_id')"],"location":{"line":115,"column":47}},{"ancestorTitles":["","ProgressTracker","Polling Functionality"],"fullName":" ProgressTracker Polling Functionality stops polling when component unmounts","status":"failed","title":"stops polling when component unmounts","duration":1,"failureMessages":["Cannot read properties of undefined (reading 'employee_id')"],"location":{"line":115,"column":47}},{"ancestorTitles":["","ProgressTracker","Polling Functionality"],"fullName":" ProgressTracker Polling Functionality restarts polling when sessionId changes","status":"failed","title":"restarts polling when sessionId changes","duration":1,"failureMessages":["Cannot read properties of undefined (reading 'employee_id')"],"location":{"line":115,"column":47}},{"ancestorTitles":["","ProgressTracker","Time Display"],"fullName":" ProgressTracker Time Display shows processing duration when available","status":"failed","title":"shows processing duration when available","duration":1,"failureMessages":["Cannot read properties of undefined (reading 'employee_id')"],"location":{"line":115,"column":47}},{"ancestorTitles":["","ProgressTracker","Time Display"],"fullName":" ProgressTracker Time Display shows estimated completion time","status":"failed","title":"shows estimated completion time","duration":1,"failureMessages":["Cannot read properties of undefined (reading 'employee_id')"],"location":{"line":115,"column":47}},{"ancestorTitles":["","ProgressTracker","Time Display"],"fullName":" ProgressTracker Time Display hides time displays when not available","status":"failed","title":"hides time displays when not available","duration":1,"failureMessages":["Cannot read properties of undefined (reading 'employee_id')"],"location":{"line":115,"column":47}},{"ancestorTitles":["","ProgressTracker","Stage and Activity Display"],"fullName":" ProgressTracker Stage and Activity Display displays current processing stage","status":"failed","title":"displays current processing stage","duration":1,"failureMessages":["Cannot read properties of undefined (reading 'employee_id')"],"location":{"line":115,"column":47}},{"ancestorTitles":["","ProgressTracker","Stage and Activity Display"],"fullName":" ProgressTracker Stage and Activity Display displays current activity","status":"failed","title":"displays current activity","duration":1,"failureMessages":["Cannot read properties of undefined (reading 'employee_id')"],"location":{"line":115,"column":47}},{"ancestorTitles":["","ProgressTracker","Stage and Activity Display"],"fullName":" ProgressTracker Stage and Activity Display shows stage progress when available","status":"failed","title":"shows stage progress when available","duration":1,"failureMessages":["Cannot read properties of undefined (reading 'employee_id')"],"location":{"line":115,"column":47}},{"ancestorTitles":["","ProgressTracker","Statistics Display"],"fullName":" ProgressTracker Statistics Display displays employee statistics","status":"failed","title":"displays employee statistics","duration":1,"failureMessages":["Cannot read properties of undefined (reading 'employee_id')"],"location":{"line":115,"column":47}},{"ancestorTitles":["","ProgressTracker","Statistics Display"],"fullName":" ProgressTracker Statistics Display shows statistics in card format","status":"failed","title":"shows statistics in card format","duration":1,"failureMessages":["Cannot read properties of undefined (reading 'employee_id')"],"location":{"line":115,"column":47}},{"ancestorTitles":["","ProgressTracker","Statistics Display"],"fullName":" ProgressTracker Statistics Display updates statistics dynamically","status":"failed","title":"updates statistics dynamically","duration":1,"failureMessages":["Cannot read properties of undefined (reading 'employee_id')"],"location":{"line":115,"column":47}},{"ancestorTitles":["","ProgressTracker","Processing Controls"],"fullName":" ProgressTracker Processing Controls shows pause button when processing can be paused","status":"failed","title":"shows pause button when processing can be paused","duration":1,"failureMessages":["Cannot read properties of undefined (reading 'employee_id')"],"location":{"line":115,"column":47}},{"ancestorTitles":["","ProgressTracker","Processing Controls"],"fullName":" ProgressTracker Processing Controls shows resume button when processing is paused","status":"failed","title":"shows resume button when processing is paused","duration":1,"failureMessages":["Cannot read properties of undefined (reading 'employee_id')"],"location":{"line":115,"column":47}},{"ancestorTitles":["","ProgressTracker","Processing Controls"],"fullName":" ProgressTracker Processing Controls shows cancel button when processing can be cancelled","status":"failed","title":"shows cancel button when processing can be cancelled","duration":1,"failureMessages":["Cannot read properties of undefined (reading 'employee_id')"],"location":{"line":115,"column":47}},{"ancestorTitles":["","ProgressTracker","Processing Controls"],"fullName":" ProgressTracker Processing Controls calls pause processing when pause button clicked","status":"failed","title":"calls pause processing when pause button clicked","duration":1,"failureMessages":["Cannot read properties of undefined (reading 'employee_id')"],"location":{"line":115,"column":47}},{"ancestorTitles":["","ProgressTracker","Processing Controls"],"fullName":" ProgressTracker Processing Controls calls resume processing when resume button clicked","status":"failed","title":"calls resume processing when resume button clicked","duration":1,"failureMessages":["Cannot read properties of undefined (reading 'employee_id')"],"location":{"line":115,"column":47}},{"ancestorTitles":["","ProgressTracker","Processing Controls"],"fullName":" ProgressTracker Processing Controls shows confirmation dialog before cancelling","status":"failed","title":"shows confirmation dialog before cancelling","duration":1,"failureMessages":["Cannot read properties of undefined (reading 'employee_id')"],"location":{"line":115,"column":47}},{"ancestorTitles":["","ProgressTracker","Processing Controls"],"fullName":" ProgressTracker Processing Controls does not cancel if confirmation is denied","status":"failed","title":"does not cancel if confirmation is denied","duration":1,"failureMessages":["Cannot read properties of undefined (reading 'employee_id')"],"location":{"line":115,"column":47}},{"ancestorTitles":["","ProgressTracker","Activity Feed"],"fullName":" ProgressTracker Activity Feed displays activity feed items","status":"failed","title":"displays activity feed items","duration":1,"failureMessages":["Cannot read properties of undefined (reading 'employee_id')"],"location":{"line":115,"column":47}},{"ancestorTitles":["","ProgressTracker","Activity Feed"],"fullName":" ProgressTracker Activity Feed shows timestamps for activity items","status":"failed","title":"shows timestamps for activity items","duration":1,"failureMessages":["Cannot read properties of undefined (reading 'employee_id')"],"location":{"line":115,"column":47}},{"ancestorTitles":["","ProgressTracker","Activity Feed"],"fullName":" ProgressTracker Activity Feed applies correct styling for different activity types","status":"failed","title":"applies correct styling for different activity types","duration":1,"failureMessages":["Cannot read properties of undefined (reading 'employee_id')"],"location":{"line":115,"column":47}},{"ancestorTitles":["","ProgressTracker","Activity Feed"],"fullName":" ProgressTracker Activity Feed limits activity feed to recent items","status":"failed","title":"limits activity feed to recent items","duration":1,"failureMessages":["Cannot read properties of undefined (reading 'employee_id')"],"location":{"line":115,"column":47}},{"ancestorTitles":["","ProgressTracker","Activity Feed"],"fullName":" ProgressTracker Activity Feed auto-scrolls to newest activity","status":"failed","title":"auto-scrolls to newest activity","duration":1,"failureMessages":["Cannot read properties of undefined (reading 'employee_id')"],"location":{"line":115,"column":47}},{"ancestorTitles":["","ProgressTracker","Error Handling"],"fullName":" ProgressTracker Error Handling displays error state correctly","status":"failed","title":"displays error state correctly","duration":1,"failureMessages":["Cannot read properties of undefined (reading 'employee_id')"],"location":{"line":115,"column":47}},{"ancestorTitles":["","ProgressTracker","Error Handling"],"fullName":" ProgressTracker Error Handling shows error message when available","status":"failed","title":"shows error message when available","duration":1,"failureMessages":["Cannot read properties of undefined (reading 'employee_id')"],"location":{"line":115,"column":47}},{"ancestorTitles":["","ProgressTracker","Error Handling"],"fullName":" ProgressTracker Error Handling allows retry after error","status":"failed","title":"allows retry after error","duration":1,"failureMessages":["Cannot read properties of undefined (reading 'employee_id')"],"location":{"line":115,"column":47}},{"ancestorTitles":["","ProgressTracker","Responsive Design"],"fullName":" ProgressTracker Responsive Design adapts layout for mobile screens","status":"failed","title":"adapts layout for mobile screens","duration":2,"failureMessages":["Cannot read properties of undefined (reading 'employee_id')"],"location":{"line":115,"column":47}},{"ancestorTitles":["","ProgressTracker","Responsive Design"],"fullName":" ProgressTracker Responsive Design maintains accessibility on different screen sizes","status":"failed","title":"maintains accessibility on different screen sizes","duration":1,"failureMessages":["Cannot read properties of undefined (reading 'employee_id')"],"location":{"line":115,"column":47}},{"ancestorTitles":["","ProgressTracker","Performance"],"fullName":" ProgressTracker Performance handles rapid progress updates efficiently","status":"failed","title":"handles rapid progress updates efficiently","duration":1,"failureMessages":["Cannot read properties of undefined (reading 'employee_id')"],"location":{"line":115,"column":47}},{"ancestorTitles":["","ProgressTracker","Performance"],"fullName":" ProgressTracker Performance debounces activity feed updates","status":"failed","title":"debounces activity feed updates","duration":1,"failureMessages":["Cannot read properties of undefined (reading 'employee_id')"],"location":{"line":115,"column":47}}],"startTime":1756676182538,"endTime":1756676182608,"status":"failed","message":"","name":"/Users/rogercox/Credit_Card_Processor/frontend/src/components/__tests__/ProgressTracker.test.js"},{"assertionResults":[{"ancestorTitles":["","ResultsDisplay","Initial State"],"fullName":" ResultsDisplay Initial State renders with results data","status":"passed","title":"renders with results data","duration":33,"failureMessages":[]},{"ancestorTitles":["","ResultsDisplay","Initial State"],"fullName":" ResultsDisplay Initial State displays session summary statistics","status":"failed","title":"displays session summary statistics","duration":19,"failureMessages":["expected 'Processing ResultsRefreshing...Search…' to contain '10'"],"location":{"line":127,"column":30}},{"ancestorTitles":["","ResultsDisplay","Initial State"],"fullName":" ResultsDisplay Initial State shows appropriate summary card colors","status":"failed","title":"shows appropriate summary card colors","duration":8,"failureMessages":["expected false to be true // Object.is equality"],"location":{"line":134,"column":52}},{"ancestorTitles":["","ResultsDisplay","Initial State"],"fullName":" ResultsDisplay Initial State renders search and filter controls","status":"passed","title":"renders search and filter controls","duration":8,"failureMessages":[]},{"ancestorTitles":["","ResultsDisplay","Initial State"],"fullName":" ResultsDisplay Initial State displays all employees initially","status":"failed","title":"displays all employees initially","duration":7,"failureMessages":["expected [] to have a length of 3 but got +0"],"location":{"line":147,"column":29}},{"ancestorTitles":["","ResultsDisplay","Search Functionality"],"fullName":" ResultsDisplay Search Functionality filters employees by name","status":"failed","title":"filters employees by name","duration":7,"failureMessages":["expected [] to have a length of 1 but got +0"],"location":{"line":160,"column":29}},{"ancestorTitles":["","ResultsDisplay","Search Functionality"],"fullName":" ResultsDisplay Search Functionality filters employees by employee ID","status":"failed","title":"filters employees by employee ID","duration":6,"failureMessages":["expected [] to have a length of 1 but got +0"],"location":{"line":170,"column":29}},{"ancestorTitles":["","ResultsDisplay","Search Functionality"],"fullName":" ResultsDisplay Search Functionality filters employees by department","status":"failed","title":"filters employees by department","duration":6,"failureMessages":["expected [] to have a length of 1 but got +0"],"location":{"line":179,"column":29}},{"ancestorTitles":["","ResultsDisplay","Search Functionality"],"fullName":" ResultsDisplay Search Functionality shows no results when search matches nothing","status":"failed","title":"shows no results when search matches nothing","duration":12,"failureMessages":["expected 'Processing ResultsRefreshSearch Emplo…' to contain 'No employees found'"],"location":{"line":189,"column":30}},{"ancestorTitles":["","ResultsDisplay","Search Functionality"],"fullName":" ResultsDisplay Search Functionality is case insensitive","status":"failed","title":"is case insensitive","duration":7,"failureMessages":["expected [] to have a length of 1 but got +0"],"location":{"line":197,"column":29}},{"ancestorTitles":["","ResultsDisplay","Search Functionality"],"fullName":" ResultsDisplay Search Functionality clears results when search is cleared","status":"failed","title":"clears results when search is cleared","duration":8,"failureMessages":["expected [] to have a length of 3 but got +0"],"location":{"line":207,"column":29}},{"ancestorTitles":["","ResultsDisplay","Status Filtering"],"fullName":" ResultsDisplay Status Filtering filters by VALID status","status":"failed","title":"filters by VALID status","duration":6,"failureMessages":["expected [] to have a length of 1 but got +0"],"location":{"line":217,"column":29}},{"ancestorTitles":["","ResultsDisplay","Status Filtering"],"fullName":" ResultsDisplay Status Filtering filters by NEEDS_ATTENTION status","status":"failed","title":"filters by NEEDS_ATTENTION status","duration":7,"failureMessages":["expected [] to have a length of 1 but got +0"],"location":{"line":226,"column":29}},{"ancestorTitles":["","ResultsDisplay","Status Filtering"],"fullName":" ResultsDisplay Status Filtering filters by RESOLVED status","status":"failed","title":"filters by RESOLVED status","duration":9,"failureMessages":["expected [] to have a length of 1 but got +0"],"location":{"line":235,"column":29}},{"ancestorTitles":["","ResultsDisplay","Status Filtering"],"fullName":" ResultsDisplay Status Filtering shows all employees when filter is \"all\"","status":"failed","title":"shows all employees when filter is \"all\"","duration":6,"failureMessages":["expected [] to have a length of 3 but got +0"],"location":{"line":245,"column":29}},{"ancestorTitles":["","ResultsDisplay","Combined Search and Filter"],"fullName":" ResultsDisplay Combined Search and Filter applies both search and status filter","status":"failed","title":"applies both search and status filter","duration":9,"failureMessages":["expected [] to have a length of 1 but got +0"],"location":{"line":259,"column":29}},{"ancestorTitles":["","ResultsDisplay","Combined Search and Filter"],"fullName":" ResultsDisplay Combined Search and Filter shows no results when search and filter exclude all employees","status":"passed","title":"shows no results when search and filter exclude all employees","duration":6,"failureMessages":[]},{"ancestorTitles":["","ResultsDisplay","Employee Selection"],"fullName":" ResultsDisplay Employee Selection can select individual employees","status":"failed","title":"can select individual employees","duration":7,"failureMessages":["Cannot call trigger on an empty DOMWrapper."],"location":{"line":1574,"column":27}},{"ancestorTitles":["","ResultsDisplay","Employee Selection"],"fullName":" ResultsDisplay Employee Selection can deselect employees","status":"failed","title":"can deselect employees","duration":5,"failureMessages":["Cannot call trigger on an empty DOMWrapper."],"location":{"line":1574,"column":27}},{"ancestorTitles":["","ResultsDisplay","Employee Selection"],"fullName":" ResultsDisplay Employee Selection can select multiple employees","status":"passed","title":"can select multiple employees","duration":5,"failureMessages":[]},{"ancestorTitles":["","ResultsDisplay","Employee Selection"],"fullName":" ResultsDisplay Employee Selection shows bulk resolution button when employees with issues are selected","status":"failed","title":"shows bulk resolution button when employees with issues are selected","duration":5,"failureMessages":["expected false to be true // Object.is equality"],"location":{"line":309,"column":35}},{"ancestorTitles":["","ResultsDisplay","Employee Selection"],"fullName":" ResultsDisplay Employee Selection hides bulk resolution button when no employees selected","status":"passed","title":"hides bulk resolution button when no employees selected","duration":4,"failureMessages":[]},{"ancestorTitles":["","ResultsDisplay","Employee Resolution"],"fullName":" ResultsDisplay Employee Resolution opens resolution modal for single employee","status":"failed","title":"opens resolution modal for single employee","duration":10,"failureMessages":["wrapper.vm.openResolutionModal is not a function"],"location":{"line":325,"column":18}},{"ancestorTitles":["","ResultsDisplay","Employee Resolution"],"fullName":" ResultsDisplay Employee Resolution opens bulk resolution modal","status":"failed","title":"opens bulk resolution modal","duration":11,"failureMessages":["expected false to be true // Object.is equality"],"location":{"line":338,"column":63}},{"ancestorTitles":["","ResultsDisplay","Employee Resolution"],"fullName":" ResultsDisplay Employee Resolution handles individual employee resolution","status":"failed","title":"handles individual employee resolution","duration":17,"failureMessages":["expected \"spy\" to be called with arguments: [ …(2) ]\n\nReceived: \n\n  1st spy call:\n\n  Array [\n-   \"/api/sessions/test-session-123/employees/2/resolve\",\n-   ObjectContaining {\n-     \"method\": \"POST\",\n+   \"/api/sessions/test-session-123/results\",\n+   Object {\n+     \"headers\": Object {\n+       \"Content-Type\": \"application/json\",\n+     },\n    },\n  ]\n\n  2nd spy call:\n\n  Array [\n-   \"/api/sessions/test-session-123/employees/2/resolve\",\n-   ObjectContaining {\n-     \"method\": \"POST\",\n+   \"/api/sessions/[object Object]\",\n+   Object {\n+     \"body\": undefined,\n+     \"headers\": Object {\n+       \"Content-Type\": \"application/json\",\n+     },\n+     \"method\": \"PUT\",\n    },\n  ]\n\n\nNumber of calls: 2\n"],"location":{"line":355,"column":25}},{"ancestorTitles":["","ResultsDisplay","Employee Resolution"],"fullName":" ResultsDisplay Employee Resolution handles bulk resolution","status":"failed","title":"handles bulk resolution","duration":8,"failureMessages":["expected \"spy\" to be called with arguments: [ …(2) ]\n\nReceived: \n\n  1st spy call:\n\n  Array [\n-   \"/api/sessions/test-session-123/employees/resolve-bulk\",\n-   ObjectContaining {\n-     \"body\": \"{\\\"employee_ids\\\":[1,2],\\\"resolution\\\":\\\"approved\\\"}\",\n-     \"method\": \"POST\",\n+   \"/api/sessions/test-session-123/results\",\n+   Object {\n+     \"headers\": Object {\n+       \"Content-Type\": \"application/json\",\n+     },\n    },\n  ]\n\n  2nd spy call:\n\n  Array [\n-   \"/api/sessions/test-session-123/employees/resolve-bulk\",\n-   ObjectContaining {\n-     \"body\": \"{\\\"employee_ids\\\":[1,2],\\\"resolution\\\":\\\"approved\\\"}\",\n-     \"method\": \"POST\",\n+   \"/api/sessions/[object Object]\",\n+   Object {\n+     \"body\": undefined,\n+     \"headers\": Object {\n+       \"Content-Type\": \"application/json\",\n+     },\n+     \"method\": \"PUT\",\n    },\n  ]\n\n  3rd spy call:\n\n  Array [\n-   \"/api/sessions/test-session-123/employees/resolve-bulk\",\n-   ObjectContaining {\n-     \"body\": \"{\\\"employee_ids\\\":[1,2],\\\"resolution\\\":\\\"approved\\\"}\",\n+   \"/api/sessions/test-session-123/resolve-bulk\",\n+   Object {\n+     \"body\": \"{\\\"resolutions\\\":[]}\",\n+     \"headers\": Object {\n+       \"Content-Type\": \"application/json\",\n+     },\n      \"method\": \"POST\",\n    },\n  ]\n\n\nNumber of calls: 3\n"],"location":{"line":377,"column":25}},{"ancestorTitles":["","ResultsDisplay","Employee Resolution"],"fullName":" ResultsDisplay Employee Resolution updates employee data after resolution","status":"failed","title":"updates employee data after resolution","duration":4,"failureMessages":["wrapper.vm.updateEmployeeInResults is not a function"],"location":{"line":396,"column":18}},{"ancestorTitles":["","ResultsDisplay","Employee Resolution"],"fullName":" ResultsDisplay Employee Resolution closes modals after successful resolution","status":"failed","title":"closes modals after successful resolution","duration":5,"failureMessages":["expected true to be false // Object.is equality"],"location":{"line":411,"column":46}},{"ancestorTitles":["","ResultsDisplay","Data Refresh"],"fullName":" ResultsDisplay Data Refresh refreshes results when refresh button clicked","status":"failed","title":"refreshes results when refresh button clicked","duration":5,"failureMessages":["Cannot call trigger on an empty DOMWrapper."],"location":{"line":1574,"column":27}},{"ancestorTitles":["","ResultsDisplay","Data Refresh"],"fullName":" ResultsDisplay Data Refresh shows loading state during refresh","status":"failed","title":"shows loading state during refresh","duration":5,"failureMessages":["Cannot call text on an empty DOMWrapper."],"location":{"line":1574,"column":27}},{"ancestorTitles":["","ResultsDisplay","Data Refresh"],"fullName":" ResultsDisplay Data Refresh updates results after successful refresh","status":"failed","title":"updates results after successful refresh","duration":10,"failureMessages":["Cannot read properties of undefined (reading 'total_employees')"],"location":{"line":451,"column":43}},{"ancestorTitles":["","ResultsDisplay","Data Refresh"],"fullName":" ResultsDisplay Data Refresh handles refresh errors gracefully","status":"failed","title":"handles refresh errors gracefully","duration":5,"failureMessages":["the given combination of arguments (null and string) is invalid for this assertion. You can use an array, a map, an object, a set, a string, or a weakset instead of a string"],"location":{"line":465,"column":34}},{"ancestorTitles":["","ResultsDisplay","Sorting"],"fullName":" ResultsDisplay Sorting sorts employees by name","status":"failed","title":"sorts employees by name","duration":7,"failureMessages":["Cannot read properties of undefined (reading '0')"],"location":{"line":476,"column":29}},{"ancestorTitles":["","ResultsDisplay","Sorting"],"fullName":" ResultsDisplay Sorting sorts employees by amount","status":"failed","title":"sorts employees by amount","duration":4,"failureMessages":["Cannot read properties of undefined (reading '0')"],"location":{"line":487,"column":29}},{"ancestorTitles":["","ResultsDisplay","Sorting"],"fullName":" ResultsDisplay Sorting sorts employees by status","status":"failed","title":"sorts employees by status","duration":4,"failureMessages":["Cannot read properties of undefined (reading '0')"],"location":{"line":497,"column":29}},{"ancestorTitles":["","ResultsDisplay","Sorting"],"fullName":" ResultsDisplay Sorting toggles sort order when clicking same column","status":"failed","title":"toggles sort order when clicking same column","duration":4,"failureMessages":["wrapper.vm.updateSort is not a function"],"location":{"line":506,"column":18}},{"ancestorTitles":["","ResultsDisplay","Pagination"],"fullName":" ResultsDisplay Pagination shows pagination controls with many employees","status":"failed","title":"shows pagination controls with many employees","duration":5,"failureMessages":["expected false to be true // Object.is equality"],"location":{"line":535,"column":35}},{"ancestorTitles":["","ResultsDisplay","Pagination"],"fullName":" ResultsDisplay Pagination displays correct page size","status":"passed","title":"displays correct page size","duration":4,"failureMessages":[]},{"ancestorTitles":["","ResultsDisplay","Pagination"],"fullName":" ResultsDisplay Pagination navigates to next page","status":"failed","title":"navigates to next page","duration":9,"failureMessages":["Cannot call trigger on an empty DOMWrapper."],"location":{"line":1574,"column":27}},{"ancestorTitles":["","ResultsDisplay","Pagination"],"fullName":" ResultsDisplay Pagination navigates to previous page","status":"failed","title":"navigates to previous page","duration":6,"failureMessages":["Cannot call trigger on an empty DOMWrapper."],"location":{"line":1574,"column":27}},{"ancestorTitles":["","ResultsDisplay","Financial Summary"],"fullName":" ResultsDisplay Financial Summary displays financial totals","status":"failed","title":"displays financial totals","duration":5,"failureMessages":["expected 'Processing ResultsRefreshing...Search…' to contain '$15,000.50'"],"location":{"line":563,"column":30}},{"ancestorTitles":["","ResultsDisplay","Financial Summary"],"fullName":" ResultsDisplay Financial Summary updates financial calculations when data changes","status":"failed","title":"updates financial calculations when data changes","duration":4,"failureMessages":["expected 'Processing ResultsRefreshSearch Emplo…' to contain '$20,000.00'"],"location":{"line":580,"column":30}},{"ancestorTitles":["","ResultsDisplay","Financial Summary"],"fullName":" ResultsDisplay Financial Summary calculates amounts for filtered results","status":"failed","title":"calculates amounts for filtered results","duration":4,"failureMessages":["Cannot read properties of undefined (reading 'total')"],"location":{"line":589,"column":65}},{"ancestorTitles":["","ResultsDisplay","Error Handling"],"fullName":" ResultsDisplay Error Handling displays error message when API calls fail","status":"failed","title":"displays error message when API calls fail","duration":5,"failureMessages":["expected 'Processing ResultsRefreshSearch Emplo…' to contain 'Failed to load results'"],"location":{"line":600,"column":30}},{"ancestorTitles":["","ResultsDisplay","Error Handling"],"fullName":" ResultsDisplay Error Handling shows empty state when no results","status":"failed","title":"shows empty state when no results","duration":5,"failureMessages":["expected 'Processing ResultsRefreshSearch Emplo…' to contain 'No results found'"],"location":{"line":607,"column":30}},{"ancestorTitles":["","ResultsDisplay","Error Handling"],"fullName":" ResultsDisplay Error Handling handles network errors during resolution","status":"failed","title":"handles network errors during resolution","duration":3,"failureMessages":["the given combination of arguments (null and string) is invalid for this assertion. You can use an array, a map, an object, a set, a string, or a weakset instead of a string"],"location":{"line":617,"column":34}},{"ancestorTitles":["","ResultsDisplay","Accessibility"],"fullName":" ResultsDisplay Accessibility has proper ARIA labels for interactive elements","status":"failed","title":"has proper ARIA labels for interactive elements","duration":7,"failureMessages":["expected undefined to be truthy"],"location":{"line":624,"column":52}},{"ancestorTitles":["","ResultsDisplay","Accessibility"],"fullName":" ResultsDisplay Accessibility supports keyboard navigation","status":"failed","title":"supports keyboard navigation","duration":5,"failureMessages":["Cannot call attributes on an empty DOMWrapper."],"location":{"line":1574,"column":27}},{"ancestorTitles":["","ResultsDisplay","Accessibility"],"fullName":" ResultsDisplay Accessibility announces changes to screen readers","status":"failed","title":"announces changes to screen readers","duration":4,"failureMessages":["expected false to be true // Object.is equality"],"location":{"line":640,"column":37}},{"ancestorTitles":["","ResultsDisplay","Performance"],"fullName":" ResultsDisplay Performance efficiently handles large datasets","status":"passed","title":"efficiently handles large datasets","duration":4,"failureMessages":[]},{"ancestorTitles":["","ResultsDisplay","Performance"],"fullName":" ResultsDisplay Performance debounces search input","status":"failed","title":"debounces search input","duration":11,"failureMessages":["expected [] to have a length of 1 but got +0"],"location":{"line":669,"column":29}}],"startTime":1756676182509,"endTime":1756676182879,"status":"failed","message":"","name":"/Users/rogercox/Credit_Card_Processor/frontend/src/components/__tests__/ResultsDisplay.test.js"},{"assertionResults":[{"ancestorTitles":["","SessionSetup.vue","Component Rendering"],"fullName":" SessionSetup.vue Component Rendering renders the main header and description","status":"passed","title":"renders the main header and description","duration":23,"failureMessages":[]},{"ancestorTitles":["","SessionSetup.vue","Component Rendering"],"fullName":" SessionSetup.vue Component Rendering renders all three quick action cards","status":"passed","title":"renders all three quick action cards","duration":14,"failureMessages":[]},{"ancestorTitles":["","SessionSetup.vue","Component Rendering"],"fullName":" SessionSetup.vue Component Rendering shows quick action descriptions","status":"passed","title":"shows quick action descriptions","duration":5,"failureMessages":[]},{"ancestorTitles":["","SessionSetup.vue","New Session Quick Action"],"fullName":" SessionSetup.vue New Session Quick Action calls createSession when new session card is clicked","status":"passed","title":"calls createSession when new session card is clicked","duration":12,"failureMessages":[]},{"ancestorTitles":["","SessionSetup.vue","New Session Quick Action"],"fullName":" SessionSetup.vue New Session Quick Action emits session-created event on successful creation","status":"failed","title":"emits session-created event on successful creation","duration":14,"failureMessages":["expected undefined to be truthy"],"location":{"line":97,"column":50}},{"ancestorTitles":["","SessionSetup.vue","New Session Quick Action"],"fullName":" SessionSetup.vue New Session Quick Action shows loading state during session creation","status":"passed","title":"shows loading state during session creation","duration":15,"failureMessages":[]},{"ancestorTitles":["","SessionSetup.vue","New Session Quick Action"],"fullName":" SessionSetup.vue New Session Quick Action handles session creation errors","status":"failed","title":"handles session creation errors","duration":9,"failureMessages":["expected 'Creating new session, please wait... …' to contain 'Creation failed'"],"location":{"line":133,"column":30}},{"ancestorTitles":["","SessionSetup.vue","Resume Session Functionality"],"fullName":" SessionSetup.vue Resume Session Functionality toggles recent sessions panel when resume card is clicked","status":"passed","title":"toggles recent sessions panel when resume card is clicked","duration":22,"failureMessages":[]},{"ancestorTitles":["","SessionSetup.vue","Resume Session Functionality"],"fullName":" SessionSetup.vue Resume Session Functionality shows recent sessions panel with proper structure","status":"passed","title":"shows recent sessions panel with proper structure","duration":7,"failureMessages":[]},{"ancestorTitles":["","SessionSetup.vue","Resume Session Functionality"],"fullName":" SessionSetup.vue Resume Session Functionality closes recent sessions panel when close button is clicked","status":"passed","title":"closes recent sessions panel when close button is clicked","duration":8,"failureMessages":[]},{"ancestorTitles":["","SessionSetup.vue","Custom Session Form"],"fullName":" SessionSetup.vue Custom Session Form toggles custom form panel when custom card is clicked","status":"passed","title":"toggles custom form panel when custom card is clicked","duration":9,"failureMessages":[]},{"ancestorTitles":["","SessionSetup.vue","Custom Session Form"],"fullName":" SessionSetup.vue Custom Session Form generates default session name when form opens","status":"passed","title":"generates default session name when form opens","duration":10,"failureMessages":[]},{"ancestorTitles":["","SessionSetup.vue","Custom Session Form"],"fullName":" SessionSetup.vue Custom Session Form shows form fields when custom form is opened","status":"passed","title":"shows form fields when custom form is opened","duration":16,"failureMessages":[]},{"ancestorTitles":["","SessionSetup.vue","Custom Session Form"],"fullName":" SessionSetup.vue Custom Session Form validates required session name","status":"passed","title":"validates required session name","duration":9,"failureMessages":[]},{"ancestorTitles":["","SessionSetup.vue","Custom Session Form"],"fullName":" SessionSetup.vue Custom Session Form closes custom form when close button is clicked","status":"passed","title":"closes custom form when close button is clicked","duration":7,"failureMessages":[]},{"ancestorTitles":["","SessionSetup.vue","Custom Session Form"],"fullName":" SessionSetup.vue Custom Session Form creates custom session when form is submitted","status":"passed","title":"creates custom session when form is submitted","duration":8,"failureMessages":[]},{"ancestorTitles":["","SessionSetup.vue","Status and Date Formatting"],"fullName":" SessionSetup.vue Status and Date Formatting formats status correctly","status":"passed","title":"formats status correctly","duration":4,"failureMessages":[]},{"ancestorTitles":["","SessionSetup.vue","Status and Date Formatting"],"fullName":" SessionSetup.vue Status and Date Formatting formats recent dates correctly","status":"passed","title":"formats recent dates correctly","duration":5,"failureMessages":[]},{"ancestorTitles":["","SessionSetup.vue","Status and Date Formatting"],"fullName":" SessionSetup.vue Status and Date Formatting returns correct status badge classes","status":"passed","title":"returns correct status badge classes","duration":5,"failureMessages":[]},{"ancestorTitles":["","SessionSetup.vue","Error Handling"],"fullName":" SessionSetup.vue Error Handling displays error messages when present","status":"failed","title":"displays error messages when present","duration":9,"failureMessages":["expected 'Creating new session, please wait... …' to contain 'Test error'"],"location":{"line":292,"column":30}},{"ancestorTitles":["","SessionSetup.vue","Error Handling"],"fullName":" SessionSetup.vue Error Handling allows dismissing errors","status":"passed","title":"allows dismissing errors","duration":5,"failureMessages":[]},{"ancestorTitles":["","SessionSetup.vue","Component Interactions"],"fullName":" SessionSetup.vue Component Interactions closes panels when other actions are selected","status":"passed","title":"closes panels when other actions are selected","duration":12,"failureMessages":[]},{"ancestorTitles":["","SessionSetup.vue","Component Interactions"],"fullName":" SessionSetup.vue Component Interactions prevents multiple simultaneous actions","status":"passed","title":"prevents multiple simultaneous actions","duration":7,"failureMessages":[]},{"ancestorTitles":["","SessionSetup.vue","Form Validation"],"fullName":" SessionSetup.vue Form Validation validates form correctly with valid data","status":"passed","title":"validates form correctly with valid data","duration":6,"failureMessages":[]},{"ancestorTitles":["","SessionSetup.vue","Form Validation"],"fullName":" SessionSetup.vue Form Validation shows validation errors for invalid data","status":"passed","title":"shows validation errors for invalid data","duration":7,"failureMessages":[]},{"ancestorTitles":["","SessionSetup.vue","Accessibility"],"fullName":" SessionSetup.vue Accessibility has proper ARIA labels for close buttons","status":"passed","title":"has proper ARIA labels for close buttons","duration":14,"failureMessages":[]},{"ancestorTitles":["","SessionSetup.vue","Accessibility"],"fullName":" SessionSetup.vue Accessibility has form labels 
[...]
e":"should handle invalid recent activities","duration":0,"failureMessages":[]},{"ancestorTitles":["","useProgress","Edge Cases"],"fullName":" useProgress Edge Cases should handle very large progress values","status":"passed","title":"should handle very large progress values","duration":1,"failureMessages":[]},{"ancestorTitles":["","useProgress","Edge Cases"],"fullName":" useProgress Edge Cases should handle negative progress values","status":"passed","title":"should handle negative progress values","duration":0,"failureMessages":[]},{"ancestorTitles":["","useProgress","Memory Management"],"fullName":" useProgress Memory Management should clean up polling on unmount","status":"passed","title":"should clean up polling on unmount","duration":0,"failureMessages":[]},{"ancestorTitles":["","useProgress","Constants"],"fullName":" useProgress Constants should export correct constants","status":"passed","title":"should export correct constants","duration":0,"failureMessages":[]}],"startTime":1756676182491,"endTime":1756676183030,"status":"failed","message":"","name":"/Users/rogercox/Credit_Card_Processor/frontend/src/composables/__tests__/useProgress.test.js"},{"assertionResults":[{"ancestorTitles":["","Session Store","Initial State"],"fullName":" Session Store Initial State should have correct initial state","status":"passed","title":"should have correct initial state","duration":3,"failureMessages":[]},{"ancestorTitles":["","Session Store","Initial State"],"fullName":" Session Store Initial State should have correct computed properties for initial state","status":"passed","title":"should have correct computed properties for initial state","duration":0,"failureMessages":[]},{"ancestorTitles":["","Session Store","Session Management"],"fullName":" Session Store Session Management should create a new session","status":"failed","title":"should create a new session","duration":8,"failureMessages":["expected null to be 'test-session-123' // Object.is equality"],"location":{"line":47,"column":38}},{"ancestorTitles":["","Session Store","Session Management"],"fullName":" Session Store Session Management should clear session data","status":"passed","title":"should clear session data","duration":1,"failureMessages":[]},{"ancestorTitles":["","Session Store","Session Management"],"fullName":" Session Store Session Management should handle session restoration","status":"failed","title":"should handle session restoration","duration":1,"failureMessages":["sessionStore.restoreSession is not a function"],"location":{"line":89,"column":20}},{"ancestorTitles":["","Session Store","Session Management"],"fullName":" Session Store Session Management should validate session data before restoration","status":"passed","title":"should validate session data before restoration","duration":1,"failureMessages":[]},{"ancestorTitles":["","Session Store","File Management"],"fullName":" Session Store File Management should add files to the session","status":"passed","title":"should add files to the session","duration":0,"failureMessages":[]},{"ancestorTitles":["","Session Store","File Management"],"fullName":" Session Store File Management should prevent duplicate files by ID","status":"failed","title":"should prevent duplicate files by ID","duration":2,"failureMessages":["expected [ { id: 1, name: 'test1.pdf' }, …(1) ] to have a length of 1 but got 2"],"location":{"line":130,"column":42}},{"ancestorTitles":["","Session Store","File Management"],"fullName":" Session Store File Management should add file metadata when adding files","status":"failed","title":"should add file metadata when adding files","duration":1,"failureMessages":["expected { id: 1, name: 'test.pdf' } to have property \"addedAt\""],"location":{"line":140,"column":25}},{"ancestorTitles":["","Session Store","File Management"],"fullName":" Session Store File Management should remove specific files","status":"passed","title":"should remove specific files","duration":1,"failureMessages":[]},{"ancestorTitles":["","Session Store","File Management"],"fullName":" Session Store File Management should handle removing non-existent files gracefully","status":"passed","title":"should handle removing non-existent files gracefully","duration":1,"failureMessages":[]},{"ancestorTitles":["","Session Store","File Management"],"fullName":" Session Store File Management should clear all files","status":"passed","title":"should clear all files","duration":0,"failureMessages":[]},{"ancestorTitles":["","Session Store","File Management"],"fullName":" Session Store File Management should update file metadata","status":"failed","title":"should update file metadata","duration":1,"failureMessages":["sessionStore.updateFileMetadata is not a function"],"location":{"line":185,"column":20}},{"ancestorTitles":["","Session Store","File Management"],"fullName":" Session Store File Management should get file by ID","status":"failed","title":"should get file by ID","duration":1,"failureMessages":["sessionStore.getFileById is not a function"],"location":{"line":196,"column":38}},{"ancestorTitles":["","Session Store","Processing Status Management"],"fullName":" Session Store Processing Status Management should update processing status","status":"failed","title":"should update processing status","duration":0,"failureMessages":["expected false to be true // Object.is equality"],"location":{"line":213,"column":41}},{"ancestorTitles":["","Session Store","Processing Status Management"],"fullName":" Session Store Processing Status Management should clear error when starting processing","status":"failed","title":"should clear error when starting processing","duration":1,"failureMessages":["expected true to be false // Object.is equality"],"location":{"line":223,"column":37}},{"ancestorTitles":["","Session Store","Processing Status Management"],"fullName":" Session Store Processing Status Management should validate processing status values","status":"failed","title":"should validate processing status values","duration":1,"failureMessages":["expected [Function] to throw an error"],"location":{"line":240,"column":65}},{"ancestorTitles":["","Session Store","Processing Status Management"],"fullName":" Session Store Processing Status Management should track processing timestamps","status":"failed","title":"should track processing timestamps","duration":1,"failureMessages":["expected undefined to be an instance of Date"],"location":{"line":247,"column":48}},{"ancestorTitles":["","Session Store","Processing Status Management"],"fullName":" Session Store Processing Status Management should reset processing state","status":"failed","title":"should reset processing state","duration":0,"failureMessages":["expected undefined to be null // Object.is equality"],"location":{"line":269,"column":48}},{"ancestorTitles":["","Session Store","Results Management"],"fullName":" Session Store Results Management should set results and update status","status":"passed","title":"should set results and update status","duration":1,"failureMessages":[]},{"ancestorTitles":["","Session Store","Results Management"],"fullName":" Session Store Results Management should validate results structure","status":"failed","title":"should validate results structure","duration":0,"failureMessages":["expected [Function] to throw an error"],"location":{"line":296,"column":61}},{"ancestorTitles":["","Session Store","Results Management"],"fullName":" Session Store Results Management should update specific result properties","status":"failed","title":"should update specific result properties","duration":1,"failureMessages":["sessionStore.updateEmployeeInResults is not a function"],"location":{"line":312,"column":20}},{"ancestorTitles":["","Session Store","Results Management"],"fullName":" Session Store Results Management should handle partial results updates","status":"failed","title":"should handle partial results updates","duration":0,"failureMessages":["sessionStore.updateResultsPartial is not a function"],"location":{"line":323,"column":20}},{"ancestorTitles":["","Session Store","Error Management"],"fullName":" Session Store Error Management should set error and update status","status":"passed","title":"should set error and update status","duration":1,"failureMessages":[]},{"ancestorTitles":["","Session Store","Error Management"],"fullName":" Session Store Error Management should clear error","status":"passed","title":"should clear error","duration":0,"failureMessages":[]},{"ancestorTitles":["","Session Store","Error Management"],"fullName":" Session Store Error Management should handle error objects","status":"failed","title":"should handle error objects","duration":1,"failureMessages":["expected Error: Test error to be 'Test error' // Object.is equality"],"location":{"line":356,"column":34}},{"ancestorTitles":["","Session Store","Error Management"],"fullName":" Session Store Error Management should stack multiple errors","status":"failed","title":"should stack multiple errors","duration":2,"failureMessages":["sessionStore.addError is not a function"],"location":{"line":361,"column":20}},{"ancestorTitles":["","Session Store","Export Status Management"],"fullName":" Session Store Export Status Management should update export status","status":"failed","title":"should update export status","duration":2,"failureMessages":["expected { Object (status, progress, ...) } to deeply equal { status: 'exporting', …(3) }"],"location":{"line":384,"column":48}},{"ancestorTitles":["","Session Store","Export Status Management"],"fullName":" Session Store Export Status Management should handle export completion","status":"failed","title":"should handle export completion","duration":0,"failureMessages":["sessionStore.completeExport is not a function"],"location":{"line":406,"column":20}},{"ancestorTitles":["","Session Store","Export Status Management"],"fullName":" Session Store Export Status Management should handle export errors","status":"failed","title":"should handle export errors","duration":1,"failureMessages":["sessionStore.setExportError is not a function"],"location":{"line":416,"column":20}},{"ancestorTitles":["","Session Store","Export Status Management"],"fullName":" Session Store Export Status Management should reset export status","status":"passed","title":"should reset export status","duration":0,"failureMessages":[]},{"ancestorTitles":["","Session Store","Export Status Management"],"fullName":" Session Store Export Status Management should reset all export statuses","status":"failed","title":"should reset all export statuses","duration":1,"failureMessages":["sessionStore.resetAllExports is not a function"],"location":{"line":447,"column":20}},{"ancestorTitles":["","Session Store","Export Status Management"],"fullName":" Session Store Export Status Management should check export availability correctly","status":"failed","title":"should check export availability correctly","duration":0,"failureMessages":["expected false to be true // Object.is equality"],"location":{"line":460,"column":38}},{"ancestorTitles":["","Session Store","Export History Management"],"fullName":" Session Store Export History Management should add export to history","status":"failed","title":"should add export to history","duration":1,"failureMessages":["sessionStore.addToExportHistory is not a function"],"location":{"line":489,"column":20}},{"ancestorTitles":["","Session Store","Export History Management"],"fullName":" Session Store Export History Management should limit export history size","status":"failed","title":"should limit export history size","duration":0,"failureMessages":["sessionStore.addToExportHistory is not a function"],"location":{"line":497,"column":22}},{"ancestorTitles":["","Session Store","Export History Management"],"fullName":" Session Store Export History Management should get export history by type","status":"failed","title":"should get export history by type","duration":1,"failureMessages":["sessionStore.addToExportHistory is not a function"],"location":{"line":509,"column":20}},{"ancestorTitles":["","Session Store","Export History Management"],"fullName":" Session Store Export History Management should clear export history","status":"failed","title":"should clear export history","duration":0,"failureMessages":["sessionStore.addToExportHistory is not a function"],"location":{"line":519,"column":20}},{"ancestorTitles":["","Session Store","Complex Workflows"],"fullName":" Session Store Complex Workflows should handle complete processing workflow","status":"failed","title":"should handle complete processing workflow","duration":1,"failureMessages":["expected false to be true // Object.is equality"],"location":{"line":532,"column":39}},{"ancestorTitles":["","Session Store","Complex Workflows"],"fullName":" Session Store Complex Workflows should handle error workflow with recovery","status":"failed","title":"should handle error workflow with recovery","duration":0,"failureMessages":["expected true to be false // Object.is equality"],"location":{"line":587,"column":37}},{"ancestorTitles":["","Session Store","Complex Workflows"],"fullName":" Session Store Complex Workflows should handle session persistence workflow","status":"failed","title":"should handle session persistence workflow","duration":1,"failureMessages":["sessionStore.serializeSession is not a function"],"location":{"line":598,"column":39}},{"ancestorTitles":["","Session Store","Computed Property Reactivity"],"fullName":" Session Store Computed Property Reactivity should update computed properties reactively","status":"failed","title":"should update computed properties reactively","duration":1,"failureMessages":["expected false to be true // Object.is equality"],"location":{"line":622,"column":39}},{"ancestorTitles":["","Session Store","Computed Property Reactivity"],"fullName":" Session Store Computed Property Reactivity should handle complex computed property dependencies","status":"failed","title":"should handle complex computed property dependencies","duration":0,"failureMessages":["expected false to be true // Object.is equality"],"location":{"line":640,"column":38}},{"ancestorTitles":["","Session Store","Data Validation"],"fullName":" Session Store Data Validation should validate file objects when adding","status":"failed","title":"should validate file objects when adding","duration":1,"failureMessages":["expected [Function] to throw an error"],"location":{"line":652,"column":48}},{"ancestorTitles":["","Session Store","Data Validation"],"fullName":" Session Store Data Validation should sanitize string inputs","status":"failed","title":"should sanitize string inputs","duration":0,"failureMessages":["expected '<script>alert(\"xss\")</script>Test' not to contain '<script>'"],"location":{"line":666,"column":38}},{"ancestorTitles":["","Session Store","Data Validation"],"fullName":" Session Store Data Validation should handle large data gracefully","status":"passed","title":"should handle large data gracefully","duration":2,"failureMessages":[]}],"startTime":1756676181519,"endTime":1756676181563,"status":"failed","message":"","name":"/Users/rogercox/Credit_Card_Processor/frontend/src/stores/__tests__/session.test.js"},{"assertionResults":[{"ancestorTitles":["","End-to-End Workflow Tests","Complete Happy Path Workflow"],"fullName":" End-to-End Workflow Tests Complete Happy Path Workflow should complete the full workflow from session creation to export","status":"failed","title":"should complete the full workflow from session creation to export","duration":63,"failureMessages":["expected false to be true // Object.is equality"],"location":{"line":143,"column":9}},{"ancestorTitles":["","End-to-End Workflow Tests","Error Handling Workflows"],"fullName":" End-to-End Workflow Tests Error Handling Workflows should handle file upload errors gracefully","status":"failed","title":"should handle file upload errors gracefully","duration":22,"failureMessages":["Cannot call trigger on an empty DOMWrapper."],"location":{"line":1574,"column":27}},{"ancestorTitles":["","End-to-End Workflow Tests","Error Handling Workflows"],"fullName":" End-to-End Workflow Tests Error Handling Workflows should handle processing errors with recovery","status":"failed","title":"should handle processing errors with recovery","duration":11,"failureMessages":["Cannot call trigger on an empty DOMWrapper."],"location":{"line":1574,"column":27}},{"ancestorTitles":["","End-to-End Workflow Tests","Error Handling Workflows"],"fullName":" End-to-End Workflow Tests Error Handling Workflows should handle network connectivity issues","status":"failed","title":"should handle network connectivity issues","duration":12,"failureMessages":["Cannot call trigger on an empty DOMWrapper."],"location":{"line":1574,"column":27}},{"ancestorTitles":["","End-to-End Workflow Tests","Session Recovery Workflow"],"fullName":" End-to-End Workflow Tests Session Recovery Workflow should restore session state after page refresh","status":"failed","title":"should restore session state after page refresh","duration":12,"failureMessages":["sessionStore.restoreSession is not a function"],"location":{"line":543,"column":20}},{"ancestorTitles":["","End-to-End Workflow Tests","Bulk Operations Workflow"],"fullName":" End-to-End Workflow Tests Bulk Operations Workflow should handle bulk employee resolution","status":"failed","title":"should handle bulk employee resolution","duration":29,"failureMessages":["Cannot call trigger on an empty DOMWrapper."],"location":{"line":1574,"column":27}},{"ancestorTitles":["","End-to-End Workflow Tests","Export Workflow Variations"],"fullName":" End-to-End Workflow Tests Export Workflow Variations should export all formats simultaneously","status":"failed","title":"should export all formats simultaneously","duration":13,"failureMessages":["Cannot call trigger on an empty DOMWrapper."],"location":{"line":1574,"column":27}},{"ancestorTitles":["","End-to-End Workflow Tests","Export Workflow Variations"],"fullName":" End-to-End Workflow Tests Export Workflow Variations should handle export failures with retry options","status":"failed","title":"should handle export failures with retry options","duration":18,"failureMessages":["Cannot call trigger on an empty DOMWrapper."],"location":{"line":1574,"column":27}},{"ancestorTitles":["","End-to-End Workflow Tests","Performance Under Load"],"fullName":" End-to-End Workflow Tests Performance Under Load should handle large datasets efficiently","status":"failed","title":"should handle large datasets efficiently","duration":9,"failureMessages":["expected false to be true // Object.is equality"],"location":{"line":727,"column":36}},{"ancestorTitles":["","End-to-End Workflow Tests","Accessibility Workflow"],"fullName":" End-to-End Workflow Tests Accessibility Workflow should support keyboard navigation throughout the workflow","status":"failed","title":"should support keyboard navigation throughout the workflow","duration":25,"failureMessages":["Cannot call attributes on an empty DOMWrapper."],"location":{"line":1574,"column":27}},{"ancestorTitles":["","End-to-End Workflow Tests","Accessibility Workflow"],"fullName":" End-to-End Workflow Tests Accessibility Workflow should announce status changes to screen readers","status":"failed","title":"should announce status changes to screen readers","duration":48,"failureMessages":["expected '' to contain 'completed'"],"location":{"line":786,"column":59}},{"ancestorTitles":["","End-to-End Workflow Tests","Data Consistency"],"fullName":" End-to-End Workflow Tests Data Consistency should maintain data consistency across components","status":"failed","title":"should maintain data consistency across components","duration":19,"failureMessages":["sessionStore.updateEmployeeInResults is not a function"],"location":{"line":803,"column":20}}],"startTime":1756676181712,"endTime":1756676181995,"status":"failed","message":"","name":"/Users/rogercox/Credit_Card_Processor/frontend/src/tests/e2e/workflow.test.js"}]}